# JRE version: OpenJDK Runtime Environment (8.0_91-b14) (build 1.8.0_91-8u91-b14-3ubuntu1~16.04.1-b14)
# Java VM: OpenJDK Server VM (25.91-b14 mixed mode linux-x86 )
Heap:
 PSYoungGen      total 89088K, used 87109K [0x95cc0000, 0xa3540000, 0xa6e00000)
  eden space 88320K, 97% used [0x95cc0000,0x9b1457f8,0x9b300000)
  from space 768K, 72% used [0xa3480000,0xa350c000,0xa3540000)
  to   space 3072K, 0% used [0xa2f40000,0xa2f40000,0xa3240000)
 ParOldGen       total 36864K, used 16315K [0x73a00000, 0x75e00000, 0x95cc0000)
  object space 36864K, 44% used [0x73a00000,0x749eed68,0x75e00000)
 Metaspace       used 7773K, capacity 7974K, committed 8088K, reserved 8496K
GC Heap History (10 events):
Event: 711,966 GC heap before
{Heap before GC invocations=27 (full 1):
 PSYoungGen      total 114176K, used 110272K [0x95cc0000, 0xa3f00000, 0xa6e00000)
  eden space 109824K, 100% used [0x95cc0000,0x9c800000,0x9c800000)
  from space 4352K, 10% used [0xa36c0000,0xa3730000,0xa3b00000)
  to   space 4096K, 0% used [0xa3b00000,0xa3b00000,0xa3f00000)
 ParOldGen       total 36864K, used 16303K [0x73a00000, 0x75e00000, 0x95cc0000)
  object space 36864K, 44% used [0x73a00000,0x749ebd68,0x75e00000)
 Metaspace       used 7685K, capacity 7910K, committed 7960K, reserved 8496K
Event: 711,972 GC heap after
Heap after GC invocations=27 (full 1):
 PSYoungGen      total 105728K, used 448K [0x95cc0000, 0xa3b80000, 0xa6e00000)
  eden space 105216K, 0% used [0x95cc0000,0x95cc0000,0x9c380000)
  from space 512K, 87% used [0xa3b00000,0xa3b70000,0xa3b80000)
  to   space 3840K, 0% used [0xa3400000,0xa3400000,0xa37c0000)
 ParOldGen       total 36864K, used 16303K [0x73a00000, 0x75e00000, 0x95cc0000)
  object space 36864K, 44% used [0x73a00000,0x749ebd68,0x75e00000)
 Metaspace       used 7685K, capacity 7910K, committed 7960K, reserved 8496K
}
Event: 735,102 GC heap before
{Heap before GC invocations=28 (full 1):
 PSYoungGen      total 105728K, used 105664K [0x95cc0000, 0xa3b80000, 0xa6e00000)
  eden space 105216K, 100% used [0x95cc0000,0x9c380000,0x9c380000)
  from space 512K, 87% used [0xa3b00000,0xa3b70000,0xa3b80000)
  to   space 3840K, 0% used [0xa3400000,0xa3400000,0xa37c0000)
 ParOldGen       total 36864K, used 16303K [0x73a00000, 0x75e00000, 0x95cc0000)
  object space 36864K, 44% used [0x73a00000,0x749ebd68,0x75e00000)
 Metaspace       used 7688K, capacity 7910K, committed 7960K, reserved 8496K
Event: 735,116 GC heap after
Heap after GC invocations=28 (full 1):
 PSYoungGen      total 101120K, used 448K [0x95cc0000, 0xa3b40000, 0xa6e00000)
  eden space 100608K, 0% used [0x95cc0000,0x95cc0000,0x9bf00000)
  from space 512K, 87% used [0xa3400000,0xa3470000,0xa3480000)
  to   space 3840K, 0% used [0xa3780000,0xa3780000,0xa3b40000)
 ParOldGen       total 36864K, used 16307K [0x73a00000, 0x75e00000, 0x95cc0000)
  object space 36864K, 44% used [0x73a00000,0x749ecd68,0x75e00000)
 Metaspace       used 7688K, capacity 7910K, committed 7960K, reserved 8496K
}
Event: 763,616 GC heap before
{Heap before GC invocations=29 (full 1):
 PSYoungGen      total 101120K, used 101056K [0x95cc0000, 0xa3b40000, 0xa6e00000)
  eden space 100608K, 100% used [0x95cc0000,0x9bf00000,0x9bf00000)
  from space 512K, 87% used [0xa3400000,0xa3470000,0xa3480000)
  to   space 3840K, 0% used [0xa3780000,0xa3780000,0xa3b40000)
 ParOldGen       total 36864K, used 16307K [0x73a00000, 0x75e00000, 0x95cc0000)
  object space 36864K, 44% used [0x73a00000,0x749ecd68,0x75e00000)
 Metaspace       used 7688K, capacity 7910K, committed 7960K, reserved 8496K
Event: 763,624 GC heap after
Heap after GC invocations=29 (full 1):
 PSYoungGen      total 96768K, used 480K [0x95cc0000, 0xa3800000, 0xa6e00000)
  eden space 96256K, 0% used [0x95cc0000,0x95cc0000,0x9bac0000)
  from space 512K, 93% used [0xa3780000,0xa37f8000,0xa3800000)
  to   space 3584K, 0% used [0xa3100000,0xa3100000,0xa3480000)
 ParOldGen       total 36864K, used 16307K [0x73a00000, 0x75e00000, 0x95cc0000)
  object space 36864K, 44% used [0x73a00000,0x749ecd68,0x75e00000)
 Metaspace       used 7688K, capacity 7910K, committed 7960K, reserved 8496K
}
Event: 802,467 GC heap before
{Heap before GC invocations=30 (full 1):
 PSYoungGen      total 96768K, used 96736K [0x95cc0000, 0xa3800000, 0xa6e00000)
  eden space 96256K, 100% used [0x95cc0000,0x9bac0000,0x9bac0000)
  from space 512K, 93% used [0xa3780000,0xa37f8000,0xa3800000)
  to   space 3584K, 0% used [0xa3100000,0xa3100000,0xa3480000)
 ParOldGen       total 36864K, used 16307K [0x73a00000, 0x75e00000, 0x95cc0000)
  object space 36864K, 44% used [0x73a00000,0x749ecd68,0x75e00000)
 Metaspace       used 7688K, capacity 7910K, committed 7960K, reserved 8496K
Event: 802,476 GC heap after
Heap after GC invocations=30 (full 1):
 PSYoungGen      total 95744K, used 560K [0x95cc0000, 0xa37c0000, 0xa6e00000)
  eden space 92160K, 0% used [0x95cc0000,0x95cc0000,0x9b6c0000)
  from space 3584K, 15% used [0xa3100000,0xa318c000,0xa3480000)
  to   space 3328K, 0% used [0xa3480000,0xa3480000,0xa37c0000)
 ParOldGen       total 36864K, used 16311K [0x73a00000, 0x75e00000, 0x95cc0000)
  object space 36864K, 44% used [0x73a00000,0x749edd68,0x75e00000)
 Metaspace       used 7688K, capacity 7910K, committed 7960K, reserved 8496K
}
Event: 847,291 GC heap before
{Heap before GC invocations=31 (full 1):
 PSYoungGen      total 95744K, used 92720K [0x95cc0000, 0xa37c0000, 0xa6e00000)
  eden space 92160K, 100% used [0x95cc0000,0x9b6c0000,0x9b6c0000)
  from space 3584K, 15% used [0xa3100000,0xa318c000,0xa3480000)
  to   space 3328K, 0% used [0xa3480000,0xa3480000,0xa37c0000)
 ParOldGen       total 36864K, used 16311K [0x73a00000, 0x75e00000, 0x95cc0000)
  object space 36864K, 44% used [0x73a00000,0x749edd68,0x75e00000)
 Metaspace       used 7688K, capacity 7910K, committed 7960K, reserved 8496K
Event: 847,298 GC heap after
Heap after GC invocations=31 (full 1):
 PSYoungGen      total 89088K, used 560K [0x95cc0000, 0xa3540000, 0xa6e00000)
  eden space 88320K, 0% used [0x95cc0000,0x95cc0000,0x9b300000)
  from space 768K, 72% used [0xa3480000,0xa350c000,0xa3540000)
  to   space 3072K, 0% used [0xa2f40000,0xa2f40000,0xa3240000)
 ParOldGen       total 36864K, used 16315K [0x73a00000, 0x75e00000, 0x95cc0000)
  object space 36864K, 44% used [0x73a00000,0x749eed68,0x75e00000)
 Metaspace       used 7688K, capacity 7910K, committed 7960K, reserved 8496K
}

